<?xml version="1.0" encoding="UTF-8"?>
<!-- Generated by org.testng.reporters.JUnitReportReporter -->
<testsuite skipped="0" hostname="IBM752-PC0CPGUU" name="TestNgMaven.TestNG.FirstTest" tests="1" failures="0" timestamp="12 Feb 2019 18:13:09 GMT" time="0.000" errors="0">
  <testcase name="exampleOfTestNgMaven" time="0.000" classname="TestNgMaven.TestNG.FirstTest"/>
</testsuite> <!-- TestNgMaven.TestNG.FirstTest -->
