<?xml version="1.0" encoding="UTF-8"?>
<!-- Generated by org.testng.reporters.JUnitReportReporter -->
<testsuite skipped="0" hostname="cxvm-n040" name="TestNgMaven.TestNG.LoginApplication" tests="1" failures="0" timestamp="25 Feb 2019 09:19:12 GMT" time="7.268" errors="0">
  <testcase name="LoginwithGivenCrediantials" time="7.268" classname="TestNgMaven.TestNG.LoginApplication"/>
</testsuite> <!-- TestNgMaven.TestNG.LoginApplication -->
